[2.704s] Invoking command in '/home/alexroy/Documents/DalMAST/ROS2-Luca/ros2_py_tut/src/py_tut': DEBUGINFOD_URLS=https://debuginfod.ubuntu.com PYTHONPATH=/home/alexroy/Documents/DalMAST/ROS2-Luca/ros2_py_tut/build/py_tut/prefix_override:/usr/lib/python3/dist-packages/colcon_core/task/python/colcon_distutils_commands:/home/alexroy/Documents/DalMAST/ROS2-Luca/ros2_py_tut/install/py_tut/lib/python3.12/site-packages:${PYTHONPATH} /usr/bin/python3 -W ignore:setup.py install is deprecated -W ignore:easy_install command is deprecated setup.py egg_info --egg-base ../../build/py_tut build --build-base /home/alexroy/Documents/DalMAST/ROS2-Luca/ros2_py_tut/build/py_tut/build install --record /home/alexroy/Documents/DalMAST/ROS2-Luca/ros2_py_tut/build/py_tut/install.log --single-version-externally-managed install_data
[3.130s] running egg_info
[3.130s] creating ../../build/py_tut/py_tut.egg-info
[3.145s] writing ../../build/py_tut/py_tut.egg-info/PKG-INFO
[3.146s] writing dependency_links to ../../build/py_tut/py_tut.egg-info/dependency_links.txt
[3.146s] writing entry points to ../../build/py_tut/py_tut.egg-info/entry_points.txt
[3.147s] writing requirements to ../../build/py_tut/py_tut.egg-info/requires.txt
[3.147s] writing top-level names to ../../build/py_tut/py_tut.egg-info/top_level.txt
[3.147s] writing manifest file '../../build/py_tut/py_tut.egg-info/SOURCES.txt'
[3.189s] reading manifest file '../../build/py_tut/py_tut.egg-info/SOURCES.txt'
[3.189s] adding license file 'LICENSE'
[3.190s] writing manifest file '../../build/py_tut/py_tut.egg-info/SOURCES.txt'
[3.190s] running build
[3.191s] running build_py
[3.193s] creating /home/alexroy/Documents/DalMAST/ROS2-Luca/ros2_py_tut/build/py_tut/build
[3.193s] creating /home/alexroy/Documents/DalMAST/ROS2-Luca/ros2_py_tut/build/py_tut/build/lib
[3.193s] creating /home/alexroy/Documents/DalMAST/ROS2-Luca/ros2_py_tut/build/py_tut/build/lib/py_tut
[3.194s] copying py_tut/PCBComm.py -> /home/alexroy/Documents/DalMAST/ROS2-Luca/ros2_py_tut/build/py_tut/build/lib/py_tut
[3.194s] copying py_tut/navigation.py -> /home/alexroy/Documents/DalMAST/ROS2-Luca/ros2_py_tut/build/py_tut/build/lib/py_tut
[3.195s] copying py_tut/boatClasses.py -> /home/alexroy/Documents/DalMAST/ROS2-Luca/ros2_py_tut/build/py_tut/build/lib/py_tut
[3.197s] copying py_tut/controls.py -> /home/alexroy/Documents/DalMAST/ROS2-Luca/ros2_py_tut/build/py_tut/build/lib/py_tut
[3.197s] copying py_tut/publisher_member_function.py -> /home/alexroy/Documents/DalMAST/ROS2-Luca/ros2_py_tut/build/py_tut/build/lib/py_tut
[3.198s] copying py_tut/waypointControl.py -> /home/alexroy/Documents/DalMAST/ROS2-Luca/ros2_py_tut/build/py_tut/build/lib/py_tut
[3.198s] copying py_tut/__init__.py -> /home/alexroy/Documents/DalMAST/ROS2-Luca/ros2_py_tut/build/py_tut/build/lib/py_tut
[3.199s] copying py_tut/subscriber_member_function.py -> /home/alexroy/Documents/DalMAST/ROS2-Luca/ros2_py_tut/build/py_tut/build/lib/py_tut
[3.206s] running install
[3.214s] running install_lib
[3.233s] creating /home/alexroy/Documents/DalMAST/ROS2-Luca/ros2_py_tut/install/py_tut/lib/python3.12/site-packages/py_tut
[3.233s] copying /home/alexroy/Documents/DalMAST/ROS2-Luca/ros2_py_tut/build/py_tut/build/lib/py_tut/PCBComm.py -> /home/alexroy/Documents/DalMAST/ROS2-Luca/ros2_py_tut/install/py_tut/lib/python3.12/site-packages/py_tut
[3.234s] copying /home/alexroy/Documents/DalMAST/ROS2-Luca/ros2_py_tut/build/py_tut/build/lib/py_tut/navigation.py -> /home/alexroy/Documents/DalMAST/ROS2-Luca/ros2_py_tut/install/py_tut/lib/python3.12/site-packages/py_tut
[3.234s] copying /home/alexroy/Documents/DalMAST/ROS2-Luca/ros2_py_tut/build/py_tut/build/lib/py_tut/boatClasses.py -> /home/alexroy/Documents/DalMAST/ROS2-Luca/ros2_py_tut/install/py_tut/lib/python3.12/site-packages/py_tut
[3.234s] copying /home/alexroy/Documents/DalMAST/ROS2-Luca/ros2_py_tut/build/py_tut/build/lib/py_tut/controls.py -> /home/alexroy/Documents/DalMAST/ROS2-Luca/ros2_py_tut/install/py_tut/lib/python3.12/site-packages/py_tut
[3.235s] copying /home/alexroy/Documents/DalMAST/ROS2-Luca/ros2_py_tut/build/py_tut/build/lib/py_tut/publisher_member_function.py -> /home/alexroy/Documents/DalMAST/ROS2-Luca/ros2_py_tut/install/py_tut/lib/python3.12/site-packages/py_tut
[3.235s] copying /home/alexroy/Documents/DalMAST/ROS2-Luca/ros2_py_tut/build/py_tut/build/lib/py_tut/waypointControl.py -> /home/alexroy/Documents/DalMAST/ROS2-Luca/ros2_py_tut/install/py_tut/lib/python3.12/site-packages/py_tut
[3.235s] copying /home/alexroy/Documents/DalMAST/ROS2-Luca/ros2_py_tut/build/py_tut/build/lib/py_tut/__init__.py -> /home/alexroy/Documents/DalMAST/ROS2-Luca/ros2_py_tut/install/py_tut/lib/python3.12/site-packages/py_tut
[3.235s] copying /home/alexroy/Documents/DalMAST/ROS2-Luca/ros2_py_tut/build/py_tut/build/lib/py_tut/subscriber_member_function.py -> /home/alexroy/Documents/DalMAST/ROS2-Luca/ros2_py_tut/install/py_tut/lib/python3.12/site-packages/py_tut
[3.237s] byte-compiling /home/alexroy/Documents/DalMAST/ROS2-Luca/ros2_py_tut/install/py_tut/lib/python3.12/site-packages/py_tut/PCBComm.py to PCBComm.cpython-312.pyc
[3.242s] byte-compiling /home/alexroy/Documents/DalMAST/ROS2-Luca/ros2_py_tut/install/py_tut/lib/python3.12/site-packages/py_tut/navigation.py to navigation.cpython-312.pyc
[3.250s] byte-compiling /home/alexroy/Documents/DalMAST/ROS2-Luca/ros2_py_tut/install/py_tut/lib/python3.12/site-packages/py_tut/boatClasses.py to boatClasses.cpython-312.pyc
[3.256s] byte-compiling /home/alexroy/Documents/DalMAST/ROS2-Luca/ros2_py_tut/install/py_tut/lib/python3.12/site-packages/py_tut/controls.py to controls.cpython-312.pyc
[3.257s] byte-compiling /home/alexroy/Documents/DalMAST/ROS2-Luca/ros2_py_tut/install/py_tut/lib/python3.12/site-packages/py_tut/publisher_member_function.py to publisher_member_function.cpython-312.pyc
[3.257s] byte-compiling /home/alexroy/Documents/DalMAST/ROS2-Luca/ros2_py_tut/install/py_tut/lib/python3.12/site-packages/py_tut/waypointControl.py to waypointControl.cpython-312.pyc
[3.259s] byte-compiling /home/alexroy/Documents/DalMAST/ROS2-Luca/ros2_py_tut/install/py_tut/lib/python3.12/site-packages/py_tut/__init__.py to __init__.cpython-312.pyc
[3.259s] byte-compiling /home/alexroy/Documents/DalMAST/ROS2-Luca/ros2_py_tut/install/py_tut/lib/python3.12/site-packages/py_tut/subscriber_member_function.py to subscriber_member_function.cpython-312.pyc
[3.260s] running install_data
[3.260s] creating /home/alexroy/Documents/DalMAST/ROS2-Luca/ros2_py_tut/install/py_tut/share/ament_index
[3.260s] creating /home/alexroy/Documents/DalMAST/ROS2-Luca/ros2_py_tut/install/py_tut/share/ament_index/resource_index
[3.260s] creating /home/alexroy/Documents/DalMAST/ROS2-Luca/ros2_py_tut/install/py_tut/share/ament_index/resource_index/packages
[3.261s] copying resource/py_tut -> /home/alexroy/Documents/DalMAST/ROS2-Luca/ros2_py_tut/install/py_tut/share/ament_index/resource_index/packages
[3.261s] copying package.xml -> /home/alexroy/Documents/DalMAST/ROS2-Luca/ros2_py_tut/install/py_tut/share/py_tut
[3.261s] creating /home/alexroy/Documents/DalMAST/ROS2-Luca/ros2_py_tut/install/py_tut/share/py_tut/launch
[3.261s] running install_egg_info
[3.280s] Copying ../../build/py_tut/py_tut.egg-info to /home/alexroy/Documents/DalMAST/ROS2-Luca/ros2_py_tut/install/py_tut/lib/python3.12/site-packages/py_tut-0.0.0-py3.12.egg-info
[3.286s] running install_scripts
[3.449s] Installing boat script to /home/alexroy/Documents/DalMAST/ROS2-Luca/ros2_py_tut/install/py_tut/lib/py_tut
[3.449s] Installing comm script to /home/alexroy/Documents/DalMAST/ROS2-Luca/ros2_py_tut/install/py_tut/lib/py_tut
[3.449s] Installing ctrl script to /home/alexroy/Documents/DalMAST/ROS2-Luca/ros2_py_tut/install/py_tut/lib/py_tut
[3.449s] Installing navi script to /home/alexroy/Documents/DalMAST/ROS2-Luca/ros2_py_tut/install/py_tut/lib/py_tut
[3.449s] Installing wayp script to /home/alexroy/Documents/DalMAST/ROS2-Luca/ros2_py_tut/install/py_tut/lib/py_tut
[3.450s] writing list of installed files to '/home/alexroy/Documents/DalMAST/ROS2-Luca/ros2_py_tut/build/py_tut/install.log'
[3.494s] Invoked command in '/home/alexroy/Documents/DalMAST/ROS2-Luca/ros2_py_tut/src/py_tut' returned '0': DEBUGINFOD_URLS=https://debuginfod.ubuntu.com PYTHONPATH=/home/alexroy/Documents/DalMAST/ROS2-Luca/ros2_py_tut/build/py_tut/prefix_override:/usr/lib/python3/dist-packages/colcon_core/task/python/colcon_distutils_commands:/home/alexroy/Documents/DalMAST/ROS2-Luca/ros2_py_tut/install/py_tut/lib/python3.12/site-packages:${PYTHONPATH} /usr/bin/python3 -W ignore:setup.py install is deprecated -W ignore:easy_install command is deprecated setup.py egg_info --egg-base ../../build/py_tut build --build-base /home/alexroy/Documents/DalMAST/ROS2-Luca/ros2_py_tut/build/py_tut/build install --record /home/alexroy/Documents/DalMAST/ROS2-Luca/ros2_py_tut/build/py_tut/install.log --single-version-externally-managed install_data
