[0.456s] Invoking command in '/home/alexroy/Documents/DalMAST/ROS2-Luca/ros2_py_tut/build/tutorial_interfaces': CMAKE_PREFIX_PATH=${CMAKE_PREFIX_PATH}:/opt/ros/jazzy DEBUGINFOD_URLS=https://debuginfod.ubuntu.com /usr/bin/cmake /home/alexroy/Documents/DalMAST/ROS2-Luca/ros2_py_tut/src/tutorial_interfaces -DCMAKE_INSTALL_PREFIX=/home/alexroy/Documents/DalMAST/ROS2-Luca/ros2_py_tut/install/tutorial_interfaces
[1.114s] -- The C compiler identification is GNU 13.3.0
[1.470s] -- The CXX compiler identification is GNU 13.3.0
[1.562s] -- Detecting C compiler ABI info
[1.808s] -- Detecting C compiler ABI info - done
[1.834s] -- Check for working C compiler: /usr/bin/cc - skipped
[1.837s] -- Detecting C compile features
[1.841s] -- Detecting C compile features - done
[1.873s] -- Detecting CXX compiler ABI info
[2.098s] -- Detecting CXX compiler ABI info - done
[2.130s] -- Check for working CXX compiler: /usr/bin/c++ - skipped
[2.131s] -- Detecting CXX compile features
[2.133s] -- Detecting CXX compile features - done
[2.150s] -- Found ament_cmake: 2.5.4 (/opt/ros/jazzy/share/ament_cmake/cmake)
[2.332s] -- Found Python3: /usr/bin/python3 (found version "3.12.3") found components: Interpreter 
[2.472s] -- Found rosidl_default_generators: 1.6.0 (/opt/ros/jazzy/share/rosidl_default_generators/cmake)
[2.490s] -- Using all available rosidl_typesupport_c: rosidl_typesupport_fastrtps_c;rosidl_typesupport_introspection_c
[2.784s] -- Using all available rosidl_typesupport_cpp: rosidl_typesupport_fastrtps_cpp;rosidl_typesupport_introspection_cpp
[2.938s] -- Found rosidl_adapter: 4.6.6 (/opt/ros/jazzy/share/rosidl_adapter/cmake)
[3.654s] -- Found ament_cmake_ros: 0.12.0 (/opt/ros/jazzy/share/ament_cmake_ros/cmake)
[3.997s] -- Using all available rosidl_typesupport_c: rosidl_typesupport_fastrtps_c;rosidl_typesupport_introspection_c
[4.483s] -- Using all available rosidl_typesupport_cpp: rosidl_typesupport_fastrtps_cpp;rosidl_typesupport_introspection_cpp
[4.486s] -- Found python_cmake_module: 0.11.1 (/opt/ros/jazzy/share/python_cmake_module/cmake)
[4.587s] -- Found PythonExtra: /usr/bin/python3  
[5.154s] -- Found Python3: /usr/bin/python3 (found version "3.12.3") found components: Interpreter Development NumPy Development.Module Development.Embed 
[5.243s] -- Found ament_lint_auto: 0.17.3 (/opt/ros/jazzy/share/ament_lint_auto/cmake)
[5.303s] -- Added test 'lint_cmake' to check CMake code style
[5.307s] -- Added test 'xmllint' to check XML markup files
[5.314s] -- Configuring done (4.7s)
[5.378s] -- Generating done (0.0s)
[5.391s] -- Build files have been written to: /home/alexroy/Documents/DalMAST/ROS2-Luca/ros2_py_tut/build/tutorial_interfaces
[5.411s] Invoked command in '/home/alexroy/Documents/DalMAST/ROS2-Luca/ros2_py_tut/build/tutorial_interfaces' returned '0': CMAKE_PREFIX_PATH=${CMAKE_PREFIX_PATH}:/opt/ros/jazzy DEBUGINFOD_URLS=https://debuginfod.ubuntu.com /usr/bin/cmake /home/alexroy/Documents/DalMAST/ROS2-Luca/ros2_py_tut/src/tutorial_interfaces -DCMAKE_INSTALL_PREFIX=/home/alexroy/Documents/DalMAST/ROS2-Luca/ros2_py_tut/install/tutorial_interfaces
[5.412s] Invoking command in '/home/alexroy/Documents/DalMAST/ROS2-Luca/ros2_py_tut/build/tutorial_interfaces': CMAKE_PREFIX_PATH=${CMAKE_PREFIX_PATH}:/opt/ros/jazzy DEBUGINFOD_URLS=https://debuginfod.ubuntu.com /usr/bin/cmake --build /home/alexroy/Documents/DalMAST/ROS2-Luca/ros2_py_tut/build/tutorial_interfaces -- -j4 -l4
[5.501s] [  1%] [34m[1mGenerating type hashes for ROS interfaces[0m
[5.514s] [  1%] Built target ament_cmake_python_copy_tutorial_interfaces
[5.991s] [  1%] Built target tutorial_interfaces__rosidl_generator_type_description
[6.010s] [  3%] [34m[1mGenerating C code for ROS interfaces[0m
[6.072s] [  5%] [34m[1mGenerating C++ code for ROS interfaces[0m
[6.402s] running egg_info
[6.406s] creating tutorial_interfaces.egg-info
[6.426s] writing tutorial_interfaces.egg-info/PKG-INFO
[6.427s] writing dependency_links to tutorial_interfaces.egg-info/dependency_links.txt
[6.427s] writing top-level names to tutorial_interfaces.egg-info/top_level.txt
[6.427s] writing manifest file 'tutorial_interfaces.egg-info/SOURCES.txt'
[6.548s] reading manifest file 'tutorial_interfaces.egg-info/SOURCES.txt'
[6.554s] writing manifest file 'tutorial_interfaces.egg-info/SOURCES.txt'
[6.675s] [  5%] Built target ament_cmake_python_build_tutorial_interfaces_egg
[6.719s] [  5%] Built target tutorial_interfaces__cpp
[6.766s] [  9%] [32mBuilding C object CMakeFiles/tutorial_interfaces__rosidl_generator_c.dir/rosidl_generator_c/tutorial_interfaces/msg/detail/pcb__functions.c.o[0m
[6.767s] [  9%] [32mBuilding C object CMakeFiles/tutorial_interfaces__rosidl_generator_c.dir/rosidl_generator_c/tutorial_interfaces/msg/detail/controls__description.c.o[0m
[6.767s] [ 11%] [32mBuilding C object CMakeFiles/tutorial_interfaces__rosidl_generator_c.dir/rosidl_generator_c/tutorial_interfaces/msg/detail/pcb__type_support.c.o[0m
[6.768s] [ 12%] [32mBuilding C object CMakeFiles/tutorial_interfaces__rosidl_generator_c.dir/rosidl_generator_c/tutorial_interfaces/msg/detail/pcb__description.c.o[0m
[6.873s] [ 14%] [32mBuilding C object CMakeFiles/tutorial_interfaces__rosidl_generator_c.dir/rosidl_generator_c/tutorial_interfaces/msg/detail/controls__type_support.c.o[0m
[6.874s] [ 16%] [32mBuilding C object CMakeFiles/tutorial_interfaces__rosidl_generator_c.dir/rosidl_generator_c/tutorial_interfaces/msg/detail/controls__functions.c.o[0m
[6.882s] [ 18%] [32mBuilding C object CMakeFiles/tutorial_interfaces__rosidl_generator_c.dir/rosidl_generator_c/tutorial_interfaces/msg/detail/navigation__description.c.o[0m
[6.928s] [ 20%] [32mBuilding C object CMakeFiles/tutorial_interfaces__rosidl_generator_c.dir/rosidl_generator_c/tutorial_interfaces/msg/detail/navigation__functions.c.o[0m
[6.930s] [ 22%] [32mBuilding C object CMakeFiles/tutorial_interfaces__rosidl_generator_c.dir/rosidl_generator_c/tutorial_interfaces/msg/detail/navigation__type_support.c.o[0m
[7.009s] [ 24%] [32m[1mLinking C shared library libtutorial_interfaces__rosidl_generator_c.so[0m
[7.055s] [ 24%] Built target tutorial_interfaces__rosidl_generator_c
[7.068s] [ 25%] [34m[1mGenerating C introspection for ROS interfaces[0m
[7.068s] [ 27%] [34m[1mGenerating C type support dispatch for ROS interfaces[0m
[7.072s] [ 29%] [34m[1mGenerating C++ type support for eProsima Fast-RTPS[0m
[7.077s] [ 31%] [34m[1mGenerating C type support for eProsima Fast-RTPS[0m
[7.441s] [ 33%] [32mBuilding CXX object CMakeFiles/tutorial_interfaces__rosidl_typesupport_c.dir/rosidl_typesupport_c/tutorial_interfaces/msg/pcb__type_support.cpp.o[0m
[7.520s] [ 35%] [32mBuilding CXX object CMakeFiles/tutorial_interfaces__rosidl_typesupport_c.dir/rosidl_typesupport_c/tutorial_interfaces/msg/controls__type_support.cpp.o[0m
[7.564s] [ 38%] [32mBuilding CXX object CMakeFiles/tutorial_interfaces__rosidl_typesupport_fastrtps_c.dir/rosidl_typesupport_fastrtps_c/tutorial_interfaces/msg/detail/pcb__type_support_c.cpp.o[0m
[7.564s] [ 38%] [32mBuilding CXX object CMakeFiles/tutorial_interfaces__rosidl_typesupport_fastrtps_cpp.dir/rosidl_typesupport_fastrtps_cpp/tutorial_interfaces/msg/detail/dds_fastrtps/pcb__type_support.cpp.o[0m
[7.576s] [ 42%] [32mBuilding CXX object CMakeFiles/tutorial_interfaces__rosidl_typesupport_c.dir/rosidl_typesupport_c/tutorial_interfaces/msg/navigation__type_support.cpp.o[0m
[7.576s] [ 42%] [32mBuilding C object CMakeFiles/tutorial_interfaces__rosidl_typesupport_introspection_c.dir/rosidl_typesupport_introspection_c/tutorial_interfaces/msg/detail/pcb__type_support.c.o[0m
[7.613s] [ 44%] [32m[1mLinking CXX shared library libtutorial_interfaces__rosidl_typesupport_c.so[0m
[7.620s] [ 46%] [32mBuilding C object CMakeFiles/tutorial_interfaces__rosidl_typesupport_introspection_c.dir/rosidl_typesupport_introspection_c/tutorial_interfaces/msg/detail/controls__type_support.c.o[0m
[7.648s] [ 46%] Built target tutorial_interfaces__rosidl_typesupport_c
[7.655s] [ 48%] [32mBuilding CXX object CMakeFiles/tutorial_interfaces__rosidl_typesupport_fastrtps_cpp.dir/rosidl_typesupport_fastrtps_cpp/tutorial_interfaces/msg/detail/dds_fastrtps/controls__type_support.cpp.o[0m
[7.656s] [ 50%] [32mBuilding C object CMakeFiles/tutorial_interfaces__rosidl_typesupport_introspection_c.dir/rosidl_typesupport_introspection_c/tutorial_interfaces/msg/detail/navigation__type_support.c.o[0m
[7.681s] [ 51%] [32m[1mLinking C shared library libtutorial_interfaces__rosidl_typesupport_introspection_c.so[0m
[7.730s] [ 51%] Built target tutorial_interfaces__rosidl_typesupport_introspection_c
[7.736s] [ 53%] [34m[1mGenerating C++ introspection for ROS interfaces[0m
[8.062s] [ 55%] [32mBuilding CXX object CMakeFiles/tutorial_interfaces__rosidl_typesupport_introspection_cpp.dir/rosidl_typesupport_introspection_cpp/tutorial_interfaces/msg/detail/pcb__type_support.cpp.o[0m
[8.123s] [ 57%] [32mBuilding CXX object CMakeFiles/tutorial_interfaces__rosidl_typesupport_introspection_cpp.dir/rosidl_typesupport_introspection_cpp/tutorial_interfaces/msg/detail/controls__type_support.cpp.o[0m
[8.132s] [ 59%] [32mBuilding CXX object CMakeFiles/tutorial_interfaces__rosidl_typesupport_fastrtps_c.dir/rosidl_typesupport_fastrtps_c/tutorial_interfaces/msg/detail/controls__type_support_c.cpp.o[0m
[8.368s] [ 61%] [32mBuilding CXX object CMakeFiles/tutorial_interfaces__rosidl_typesupport_fastrtps_cpp.dir/rosidl_typesupport_fastrtps_cpp/tutorial_interfaces/msg/detail/dds_fastrtps/navigation__type_support.cpp.o[0m
[8.481s] [ 62%] [32mBuilding CXX object CMakeFiles/tutorial_interfaces__rosidl_typesupport_fastrtps_c.dir/rosidl_typesupport_fastrtps_c/tutorial_interfaces/msg/detail/navigation__type_support_c.cpp.o[0m
[8.513s] [ 64%] [32mBuilding CXX object CMakeFiles/tutorial_interfaces__rosidl_typesupport_introspection_cpp.dir/rosidl_typesupport_introspection_cpp/tutorial_interfaces/msg/detail/navigation__type_support.cpp.o[0m
[8.647s] [ 66%] [34m[1mGenerating C++ type support dispatch for ROS interfaces[0m
[8.743s] [ 68%] [32m[1mLinking CXX shared library libtutorial_interfaces__rosidl_typesupport_introspection_cpp.so[0m
[8.830s] [ 68%] Built target tutorial_interfaces__rosidl_typesupport_introspection_cpp
[8.840s] [ 70%] [32m[1mLinking CXX shared library libtutorial_interfaces__rosidl_typesupport_fastrtps_cpp.so[0m
[8.885s] [ 70%] Built target tutorial_interfaces__rosidl_typesupport_fastrtps_cpp
[8.889s] [ 72%] [32m[1mLinking CXX shared library libtutorial_interfaces__rosidl_typesupport_fastrtps_c.so[0m
[8.892s] [ 74%] [32mBuilding CXX object CMakeFiles/tutorial_interfaces__rosidl_typesupport_cpp.dir/rosidl_typesupport_cpp/tutorial_interfaces/msg/pcb__type_support.cpp.o[0m
[8.892s] [ 75%] [32mBuilding CXX object CMakeFiles/tutorial_interfaces__rosidl_typesupport_cpp.dir/rosidl_typesupport_cpp/tutorial_interfaces/msg/controls__type_support.cpp.o[0m
[8.896s] [ 77%] [32mBuilding CXX object CMakeFiles/tutorial_interfaces__rosidl_typesupport_cpp.dir/rosidl_typesupport_cpp/tutorial_interfaces/msg/navigation__type_support.cpp.o[0m
[8.963s] [ 77%] Built target tutorial_interfaces__rosidl_typesupport_fastrtps_c
[9.215s] [ 79%] [32m[1mLinking CXX shared library libtutorial_interfaces__rosidl_typesupport_cpp.so[0m
[9.248s] [ 79%] Built target tutorial_interfaces__rosidl_typesupport_cpp
[9.264s] [ 79%] Built target tutorial_interfaces
[9.278s] [ 81%] [34m[1mGenerating Python code for ROS interfaces[0m
[9.717s] [ 81%] Built target tutorial_interfaces__py
[9.734s] [ 85%] [32mBuilding C object CMakeFiles/tutorial_interfaces__rosidl_generator_py.dir/rosidl_generator_py/tutorial_interfaces/msg/_pcb_s.c.o[0m
[9.734s] [ 85%] [32mBuilding C object CMakeFiles/tutorial_interfaces__rosidl_generator_py.dir/rosidl_generator_py/tutorial_interfaces/msg/_controls_s.c.o[0m
[9.746s] [ 87%] [32mBuilding C object CMakeFiles/tutorial_interfaces__rosidl_generator_py.dir/rosidl_generator_py/tutorial_interfaces/msg/_navigation_s.c.o[0m
[9.956s] [ 88%] [32m[1mLinking C shared library libtutorial_interfaces__rosidl_generator_py.so[0m
[9.983s] [ 88%] Built target tutorial_interfaces__rosidl_generator_py
[9.997s] [ 90%] [32mBuilding C object CMakeFiles/tutorial_interfaces_s__rosidl_typesupport_introspection_c.dir/rosidl_generator_py/tutorial_interfaces/_tutorial_interfaces_s.ep.rosidl_typesupport_introspection_c.c.o[0m
[10.000s] [ 92%] [32mBuilding C object CMakeFiles/tutorial_interfaces_s__rosidl_typesupport_c.dir/rosidl_generator_py/tutorial_interfaces/_tutorial_interfaces_s.ep.rosidl_typesupport_c.c.o[0m
[10.004s] [ 94%] [32mBuilding C object CMakeFiles/tutorial_interfaces_s__rosidl_typesupport_fastrtps_c.dir/rosidl_generator_py/tutorial_interfaces/_tutorial_interfaces_s.ep.rosidl_typesupport_fastrtps_c.c.o[0m
[10.092s] [ 98%] [32m[1mLinking C shared module rosidl_generator_py/tutorial_interfaces/tutorial_interfaces_s__rosidl_typesupport_c.so[0m
[10.092s] [ 98%] [32m[1mLinking C shared module rosidl_generator_py/tutorial_interfaces/tutorial_interfaces_s__rosidl_typesupport_introspection_c.so[0m
[10.110s] [100%] [32m[1mLinking C shared module rosidl_generator_py/tutorial_interfaces/tutorial_interfaces_s__rosidl_typesupport_fastrtps_c.so[0m
[10.111s] [100%] Built target tutorial_interfaces_s__rosidl_typesupport_introspection_c
[10.111s] [100%] Built target tutorial_interfaces_s__rosidl_typesupport_c
[10.134s] [100%] Built target tutorial_interfaces_s__rosidl_typesupport_fastrtps_c
[10.155s] Invoked command in '/home/alexroy/Documents/DalMAST/ROS2-Luca/ros2_py_tut/build/tutorial_interfaces' returned '0': CMAKE_PREFIX_PATH=${CMAKE_PREFIX_PATH}:/opt/ros/jazzy DEBUGINFOD_URLS=https://debuginfod.ubuntu.com /usr/bin/cmake --build /home/alexroy/Documents/DalMAST/ROS2-Luca/ros2_py_tut/build/tutorial_interfaces -- -j4 -l4
[10.176s] Invoking command in '/home/alexroy/Documents/DalMAST/ROS2-Luca/ros2_py_tut/build/tutorial_interfaces': CMAKE_PREFIX_PATH=${CMAKE_PREFIX_PATH}:/opt/ros/jazzy DEBUGINFOD_URLS=https://debuginfod.ubuntu.com /usr/bin/cmake --install /home/alexroy/Documents/DalMAST/ROS2-Luca/ros2_py_tut/build/tutorial_interfaces
[10.189s] -- Install configuration: ""
[10.189s] -- Installing: /home/alexroy/Documents/DalMAST/ROS2-Luca/ros2_py_tut/install/tutorial_interfaces/share/ament_index/resource_index/rosidl_interfaces/tutorial_interfaces
[10.190s] -- Installing: /home/alexroy/Documents/DalMAST/ROS2-Luca/ros2_py_tut/install/tutorial_interfaces/share/tutorial_interfaces/msg/PCB.json
[10.190s] -- Installing: /home/alexroy/Documents/DalMAST/ROS2-Luca/ros2_py_tut/install/tutorial_interfaces/share/tutorial_interfaces/msg/Controls.json
[10.190s] -- Installing: /home/alexroy/Documents/DalMAST/ROS2-Luca/ros2_py_tut/install/tutorial_interfaces/share/tutorial_interfaces/msg/Navigation.json
[10.190s] -- Installing: /home/alexroy/Documents/DalMAST/ROS2-Luca/ros2_py_tut/install/tutorial_interfaces/include/tutorial_interfaces/tutorial_interfaces
[10.191s] -- Installing: /home/alexroy/Documents/DalMAST/ROS2-Luca/ros2_py_tut/install/tutorial_interfaces/include/tutorial_interfaces/tutorial_interfaces/msg
[10.191s] -- Installing: /home/alexroy/Documents/DalMAST/ROS2-Luca/ros2_py_tut/install/tutorial_interfaces/include/tutorial_interfaces/tutorial_interfaces/msg/navigation.h
[10.191s] -- Installing: /home/alexroy/Documents/DalMAST/ROS2-Luca/ros2_py_tut/install/tutorial_interfaces/include/tutorial_interfaces/tutorial_interfaces/msg/detail
[10.191s] -- Installing: /home/alexroy/Documents/DalMAST/ROS2-Luca/ros2_py_tut/install/tutorial_interfaces/include/tutorial_interfaces/tutorial_interfaces/msg/detail/pcb__struct.h
[10.191s] -- Installing: /home/alexroy/Documents/DalMAST/ROS2-Luca/ros2_py_tut/install/tutorial_interfaces/include/tutorial_interfaces/tutorial_interfaces/msg/detail/controls__struct.h
[10.191s] -- Installing: /home/alexroy/Documents/DalMAST/ROS2-Luca/ros2_py_tut/install/tutorial_interfaces/include/tutorial_interfaces/tutorial_interfaces/msg/detail/pcb__functions.c
[10.191s] -- Installing: /home/alexroy/Documents/DalMAST/ROS2-Luca/ros2_py_tut/install/tutorial_interfaces/include/tutorial_interfaces/tutorial_interfaces/msg/detail/navigation__struct.h
[10.191s] -- Installing: /home/alexroy/Documents/DalMAST/ROS2-Luca/ros2_py_tut/install/tutorial_interfaces/include/tutorial_interfaces/tutorial_interfaces/msg/detail/pcb__type_support.c
[10.191s] -- Installing: /home/alexroy/Documents/DalMAST/ROS2-Luca/ros2_py_tut/install/tutorial_interfaces/include/tutorial_interfaces/tutorial_interfaces/msg/detail/navigation__type_support.h
[10.192s] -- Installing: /home/alexroy/Documents/DalMAST/ROS2-Luca/ros2_py_tut/install/tutorial_interfaces/include/tutorial_interfaces/tutorial_interfaces/msg/detail/pcb__description.c
[10.192s] -- Installing: /home/alexroy/Documents/DalMAST/ROS2-Luca/ros2_py_tut/install/tutorial_interfaces/include/tutorial_interfaces/tutorial_interfaces/msg/detail/controls__type_support.c
[10.192s] -- Installing: /home/alexroy/Documents/DalMAST/ROS2-Luca/ros2_py_tut/install/tutorial_interfaces/include/tutorial_interfaces/tutorial_interfaces/msg/detail/controls__functions.h
[10.192s] -- Installing: /home/alexroy/Documents/DalMAST/ROS2-Luca/ros2_py_tut/install/tutorial_interfaces/include/tutorial_interfaces/tutorial_interfaces/msg/detail/pcb__type_support.h
[10.192s] -- Installing: /home/alexroy/Documents/DalMAST/ROS2-Luca/ros2_py_tut/install/tutorial_interfaces/include/tutorial_interfaces/tutorial_interfaces/msg/detail/controls__functions.c
[10.192s] -- Installing: /home/alexroy/Documents/DalMAST/ROS2-Luca/ros2_py_tut/install/tutorial_interfaces/include/tutorial_interfaces/tutorial_interfaces/msg/detail/navigation__description.c
[10.192s] -- Installing: /home/alexroy/Documents/DalMAST/ROS2-Luca/ros2_py_tut/install/tutorial_interfaces/include/tutorial_interfaces/tutorial_interfaces/msg/detail/controls__description.c
[10.192s] -- Installing: /home/alexroy/Documents/DalMAST/ROS2-Luca/ros2_py_tut/install/tutorial_interfaces/include/tutorial_interfaces/tutorial_interfaces/msg/detail/navigation__type_support.c
[10.192s] -- Installing: /home/alexroy/Documents/DalMAST/ROS2-Luca/ros2_py_tut/install/tutorial_interfaces/include/tutorial_interfaces/tutorial_interfaces/msg/detail/navigation__functions.c
[10.192s] -- Installing: /home/alexroy/Documents/DalMAST/ROS2-Luca/ros2_py_tut/install/tutorial_interfaces/include/tutorial_interfaces/tutorial_interfaces/msg/detail/navigation__functions.h
[10.192s] -- Installing: /home/alexroy/Documents/DalMAST/ROS2-Luca/ros2_py_tut/install/tutorial_interfaces/include/tutorial_interfaces/tutorial_interfaces/msg/detail/pcb__functions.h
[10.192s] -- Installing: /home/alexroy/Documents/DalMAST/ROS2-Luca/ros2_py_tut/install/tutorial_interfaces/include/tutorial_interfaces/tutorial_interfaces/msg/detail/controls__type_support.h
[10.192s] -- Installing: /home/alexroy/Documents/DalMAST/ROS2-Luca/ros2_py_tut/install/tutorial_interfaces/include/tutorial_interfaces/tutorial_interfaces/msg/controls.h
[10.192s] -- Installing: /home/alexroy/Documents/DalMAST/ROS2-Luca/ros2_py_tut/install/tutorial_interfaces/include/tutorial_interfaces/tutorial_interfaces/msg/pcb.h
[10.192s] -- Installing: /home/alexroy/Documents/DalMAST/ROS2-Luca/ros2_py_tut/install/tutorial_interfaces/include/tutorial_interfaces/tutorial_interfaces/msg/rosidl_generator_c__visibility_control.h
[10.193s] -- Installing: /home/alexroy/Documents/DalMAST/ROS2-Luca/ros2_py_tut/install/tutorial_interfaces/share/tutorial_interfaces/environment/library_path.sh
[10.193s] -- Installing: /home/alexroy/Documents/DalMAST/ROS2-Luca/ros2_py_tut/install/tutorial_interfaces/share/tutorial_interfaces/environment/library_path.dsv
[10.193s] -- Installing: /home/alexroy/Documents/DalMAST/ROS2-Luca/ros2_py_tut/install/tutorial_interfaces/lib/libtutorial_interfaces__rosidl_generator_c.so
[10.193s] -- Set non-toolchain portion of runtime path of "/home/alexroy/Documents/DalMAST/ROS2-Luca/ros2_py_tut/install/tutorial_interfaces/lib/libtutorial_interfaces__rosidl_generator_c.so" to ""
[10.193s] -- Up-to-date: /home/alexroy/Documents/DalMAST/ROS2-Luca/ros2_py_tut/install/tutorial_interfaces/include/tutorial_interfaces/tutorial_interfaces
[10.194s] -- Up-to-date: /home/alexroy/Documents/DalMAST/ROS2-Luca/ros2_py_tut/install/tutorial_interfaces/include/tutorial_interfaces/tutorial_interfaces/msg
[10.194s] -- Up-to-date: /home/alexroy/Documents/DalMAST/ROS2-Luca/ros2_py_tut/install/tutorial_interfaces/include/tutorial_interfaces/tutorial_interfaces/msg/detail
[10.194s] -- Installing: /home/alexroy/Documents/DalMAST/ROS2-Luca/ros2_py_tut/install/tutorial_interfaces/include/tutorial_interfaces/tutorial_interfaces/msg/detail/pcb__rosidl_typesupport_fastrtps_c.h
[10.194s] -- Installing: /home/alexroy/Documents/DalMAST/ROS2-Luca/ros2_py_tut/install/tutorial_interfaces/include/tutorial_interfaces/tutorial_interfaces/msg/detail/controls__rosidl_typesupport_fastrtps_c.h
[10.194s] -- Installing: /home/alexroy/Documents/DalMAST/ROS2-Luca/ros2_py_tut/install/tutorial_interfaces/include/tutorial_interfaces/tutorial_interfaces/msg/detail/navigation__rosidl_typesupport_fastrtps_c.h
[10.194s] -- Installing: /home/alexroy/Documents/DalMAST/ROS2-Luca/ros2_py_tut/install/tutorial_interfaces/include/tutorial_interfaces/tutorial_interfaces/msg/rosidl_typesupport_fastrtps_c__visibility_control.h
[10.195s] -- Installing: /home/alexroy/Documents/DalMAST/ROS2-Luca/ros2_py_tut/install/tutorial_interfaces/lib/libtutorial_interfaces__rosidl_typesupport_fastrtps_c.so
[10.195s] -- Set non-toolchain portion of runtime path of "/home/alexroy/Documents/DalMAST/ROS2-Luca/ros2_py_tut/install/tutorial_interfaces/lib/libtutorial_interfaces__rosidl_typesupport_fastrtps_c.so" to ""
[10.195s] -- Up-to-date: /home/alexroy/Documents/DalMAST/ROS2-Luca/ros2_py_tut/install/tutorial_interfaces/include/tutorial_interfaces/tutorial_interfaces
[10.195s] -- Up-to-date: /home/alexroy/Documents/DalMAST/ROS2-Luca/ros2_py_tut/install/tutorial_interfaces/include/tutorial_interfaces/tutorial_interfaces/msg
[10.195s] -- Up-to-date: /home/alexroy/Documents/DalMAST/ROS2-Luca/ros2_py_tut/install/tutorial_interfaces/include/tutorial_interfaces/tutorial_interfaces/msg/detail
[10.195s] -- Installing: /home/alexroy/Documents/DalMAST/ROS2-Luca/ros2_py_tut/install/tutorial_interfaces/include/tutorial_interfaces/tutorial_interfaces/msg/detail/navigation__rosidl_typesupport_introspection_c.h
[10.195s] -- Installing: /home/alexroy/Documents/DalMAST/ROS2-Luca/ros2_py_tut/install/tutorial_interfaces/include/tutorial_interfaces/tutorial_interfaces/msg/detail/pcb__type_support.c
[10.195s] -- Installing: /home/alexroy/Documents/DalMAST/ROS2-Luca/ros2_py_tut/install/tutorial_interfaces/include/tutorial_interfaces/tutorial_interfaces/msg/detail/controls__type_support.c
[10.195s] -- Installing: /home/alexroy/Documents/DalMAST/ROS2-Luca/ros2_py_tut/install/tutorial_interfaces/include/tutorial_interfaces/tutorial_interfaces/msg/detail/navigation__type_support.c
[10.195s] -- Installing: /home/alexroy/Documents/DalMAST/ROS2-Luca/ros2_py_tut/install/tutorial_interfaces/include/tutorial_interfaces/tutorial_interfaces/msg/detail/pcb__rosidl_typesupport_introspection_c.h
[10.195s] -- Installing: /home/alexroy/Documents/DalMAST/ROS2-Luca/ros2_py_tut/install/tutorial_interfaces/include/tutorial_interfaces/tutorial_interfaces/msg/detail/controls__rosidl_typesupport_introspection_c.h
[10.195s] -- Installing: /home/alexroy/Documents/DalMAST/ROS2-Luca/ros2_py_tut/install/tutorial_interfaces/include/tutorial_interfaces/tutorial_interfaces/msg/rosidl_typesupport_introspection_c__visibility_control.h
[10.195s] -- Installing: /home/alexroy/Documents/DalMAST/ROS2-Luca/ros2_py_tut/install/tutorial_interfaces/lib/libtutorial_interfaces__rosidl_typesupport_introspection_c.so
[10.195s] -- Set non-toolchain portion of runtime path of "/home/alexroy/Documents/DalMAST/ROS2-Luca/ros2_py_tut/install/tutorial_interfaces/lib/libtutorial_interfaces__rosidl_typesupport_introspection_c.so" to ""
[10.195s] -- Installing: /home/alexroy/Documents/DalMAST/ROS2-Luca/ros2_py_tut/install/tutorial_interfaces/lib/libtutorial_interfaces__rosidl_typesupport_c.so
[10.196s] -- Set non-toolchain portion of runtime path of "/home/alexroy/Documents/DalMAST/ROS2-Luca/ros2_py_tut/install/tutorial_interfaces/lib/libtutorial_interfaces__rosidl_typesupport_c.so" to ""
[10.196s] -- Up-to-date: /home/alexroy/Documents/DalMAST/ROS2-Luca/ros2_py_tut/install/tutorial_interfaces/include/tutorial_interfaces/tutorial_interfaces
[10.196s] -- Up-to-date: /home/alexroy/Documents/DalMAST/ROS2-Luca/ros2_py_tut/install/tutorial_interfaces/include/tutorial_interfaces/tutorial_interfaces/msg
[10.196s] -- Installing: /home/alexroy/Documents/DalMAST/ROS2-Luca/ros2_py_tut/install/tutorial_interfaces/include/tutorial_interfaces/tutorial_interfaces/msg/navigation.hpp
[10.196s] -- Up-to-date: /home/alexroy/Documents/DalMAST/ROS2-Luca/ros2_py_tut/install/tutorial_interfaces/include/tutorial_interfaces/tutorial_interfaces/msg/detail
[10.196s] -- Installing: /home/alexroy/Documents/DalMAST/ROS2-Luca/ros2_py_tut/install/tutorial_interfaces/include/tutorial_interfaces/tutorial_interfaces/msg/detail/navigation__type_support.hpp
[10.196s] -- Installing: /home/alexroy/Documents/DalMAST/ROS2-Luca/ros2_py_tut/install/tutorial_interfaces/include/tutorial_interfaces/tutorial_interfaces/msg/detail/pcb__traits.hpp
[10.196s] -- Installing: /home/alexroy/Documents/DalMAST/ROS2-Luca/ros2_py_tut/install/tutorial_interfaces/include/tutorial_interfaces/tutorial_interfaces/msg/detail/pcb__builder.hpp
[10.196s] -- Installing: /home/alexroy/Documents/DalMAST/ROS2-Luca/ros2_py_tut/install/tutorial_interfaces/include/tutorial_interfaces/tutorial_interfaces/msg/detail/navigation__traits.hpp
[10.196s] -- Installing: /home/alexroy/Documents/DalMAST/ROS2-Luca/ros2_py_tut/install/tutorial_interfaces/include/tutorial_interfaces/tutorial_interfaces/msg/detail/controls__type_support.hpp
[10.196s] -- Installing: /home/alexroy/Documents/DalMAST/ROS2-Luca/ros2_py_tut/install/tutorial_interfaces/include/tutorial_interfaces/tutorial_interfaces/msg/detail/pcb__type_support.hpp
[10.197s] -- Installing: /home/alexroy/Documents/DalMAST/ROS2-Luca/ros2_py_tut/install/tutorial_interfaces/include/tutorial_interfaces/tutorial_interfaces/msg/detail/navigation__struct.hpp
[10.197s] -- Installing: /home/alexroy/Documents/DalMAST/ROS2-Luca/ros2_py_tut/install/tutorial_interfaces/include/tutorial_interfaces/tutorial_interfaces/msg/detail/controls__struct.hpp
[10.197s] -- Installing: /home/alexroy/Documents/DalMAST/ROS2-Luca/ros2_py_tut/install/tutorial_interfaces/include/tutorial_interfaces/tutorial_interfaces/msg/detail/controls__builder.hpp
[10.197s] -- Installing: /home/alexroy/Documents/DalMAST/ROS2-Luca/ros2_py_tut/install/tutorial_interfaces/include/tutorial_interfaces/tutorial_interfaces/msg/detail/pcb__struct.hpp
[10.197s] -- Installing: /home/alexroy/Documents/DalMAST/ROS2-Luca/ros2_py_tut/install/tutorial_interfaces/include/tutorial_interfaces/tutorial_interfaces/msg/detail/navigation__builder.hpp
[10.197s] -- Installing: /home/alexroy/Documents/DalMAST/ROS2-Luca/ros2_py_tut/install/tutorial_interfaces/include/tutorial_interfaces/tutorial_interfaces/msg/detail/controls__traits.hpp
[10.197s] -- Installing: /home/alexroy/Documents/DalMAST/ROS2-Luca/ros2_py_tut/install/tutorial_interfaces/include/tutorial_interfaces/tutorial_interfaces/msg/rosidl_generator_cpp__visibility_control.hpp
[10.197s] -- Installing: /home/alexroy/Documents/DalMAST/ROS2-Luca/ros2_py_tut/install/tutorial_interfaces/include/tutorial_interfaces/tutorial_interfaces/msg/controls.hpp
[10.197s] -- Installing: /home/alexroy/Documents/DalMAST/ROS2-Luca/ros2_py_tut/install/tutorial_interfaces/include/tutorial_interfaces/tutorial_interfaces/msg/pcb.hpp
[10.197s] -- Up-to-date: /home/alexroy/Documents/DalMAST/ROS2-Luca/ros2_py_tut/install/tutorial_interfaces/include/tutorial_interfaces/tutorial_interfaces
[10.197s] -- Up-to-date: /home/alexroy/Documents/DalMAST/ROS2-Luca/ros2_py_tut/install/tutorial_interfaces/include/tutorial_interfaces/tutorial_interfaces/msg
[10.198s] -- Installing: /home/alexroy/Documents/DalMAST/ROS2-Luca/ros2_py_tut/install/tutorial_interfaces/include/tutorial_interfaces/tutorial_interfaces/msg/rosidl_typesupport_fastrtps_cpp__visibility_control.h
[10.198s] -- Up-to-date: /home/alexroy/Documents/DalMAST/ROS2-Luca/ros2_py_tut/install/tutorial_interfaces/include/tutorial_interfaces/tutorial_interfaces/msg/detail
[10.198s] -- Installing: /home/alexroy/Documents/DalMAST/ROS2-Luca/ros2_py_tut/install/tutorial_interfaces/include/tutorial_interfaces/tutorial_interfaces/msg/detail/dds_fastrtps
[10.198s] -- Installing: /home/alexroy/Documents/DalMAST/ROS2-Luca/ros2_py_tut/install/tutorial_interfaces/include/tutorial_interfaces/tutorial_interfaces/msg/detail/pcb__rosidl_typesupport_fastrtps_cpp.hpp
[10.198s] -- Installing: /home/alexroy/Documents/DalMAST/ROS2-Luca/ros2_py_tut/install/tutorial_interfaces/include/tutorial_interfaces/tutorial_interfaces/msg/detail/controls__rosidl_typesupport_fastrtps_cpp.hpp
[10.198s] -- Installing: /home/alexroy/Documents/DalMAST/ROS2-Luca/ros2_py_tut/install/tutorial_interfaces/include/tutorial_interfaces/tutorial_interfaces/msg/detail/navigation__rosidl_typesupport_fastrtps_cpp.hpp
[10.198s] -- Installing: /home/alexroy/Documents/DalMAST/ROS2-Luca/ros2_py_tut/install/tutorial_interfaces/lib/libtutorial_interfaces__rosidl_typesupport_fastrtps_cpp.so
[10.198s] -- Set non-toolchain portion of runtime path of "/home/alexroy/Documents/DalMAST/ROS2-Luca/ros2_py_tut/install/tutorial_interfaces/lib/libtutorial_interfaces__rosidl_typesupport_fastrtps_cpp.so" to ""
[10.198s] -- Up-to-date: /home/alexroy/Documents/DalMAST/ROS2-Luca/ros2_py_tut/install/tutorial_interfaces/include/tutorial_interfaces/tutorial_interfaces
[10.198s] -- Up-to-date: /home/alexroy/Documents/DalMAST/ROS2-Luca/ros2_py_tut/install/tutorial_interfaces/include/tutorial_interfaces/tutorial_interfaces/msg
[10.198s] -- Up-to-date: /home/alexroy/Documents/DalMAST/ROS2-Luca/ros2_py_tut/install/tutorial_interfaces/include/tutorial_interfaces/tutorial_interfaces/msg/detail
[10.199s] -- Installing: /home/alexroy/Documents/DalMAST/ROS2-Luca/ros2_py_tut/install/tutorial_interfaces/include/tutorial_interfaces/tutorial_interfaces/msg/detail/navigation__type_support.cpp
[10.199s] -- Installing: /home/alexroy/Documents/DalMAST/ROS2-Luca/ros2_py_tut/install/tutorial_interfaces/include/tutorial_interfaces/tutorial_interfaces/msg/detail/navigation__rosidl_typesupport_introspection_cpp.hpp
[10.199s] -- Installing: /home/alexroy/Documents/DalMAST/ROS2-Luca/ros2_py_tut/install/tutorial_interfaces/include/tutorial_interfaces/tutorial_interfaces/msg/detail/controls__rosidl_typesupport_introspection_cpp.hpp
[10.199s] -- Installing: /home/alexroy/Documents/DalMAST/ROS2-Luca/ros2_py_tut/install/tutorial_interfaces/include/tutorial_interfaces/tutorial_interfaces/msg/detail/pcb__rosidl_typesupport_introspection_cpp.hpp
[10.199s] -- Installing: /home/alexroy/Documents/DalMAST/ROS2-Luca/ros2_py_tut/install/tutorial_interfaces/include/tutorial_interfaces/tutorial_interfaces/msg/detail/pcb__type_support.cpp
[10.199s] -- Installing: /home/alexroy/Documents/DalMAST/ROS2-Luca/ros2_py_tut/install/tutorial_interfaces/include/tutorial_interfaces/tutorial_interfaces/msg/detail/controls__type_support.cpp
[10.199s] -- Installing: /home/alexroy/Documents/DalMAST/ROS2-Luca/ros2_py_tut/install/tutorial_interfaces/lib/libtutorial_interfaces__rosidl_typesupport_introspection_cpp.so
[10.199s] -- Set non-toolchain portion of runtime path of "/home/alexroy/Documents/DalMAST/ROS2-Luca/ros2_py_tut/install/tutorial_interfaces/lib/libtutorial_interfaces__rosidl_typesupport_introspection_cpp.so" to ""
[10.199s] -- Installing: /home/alexroy/Documents/DalMAST/ROS2-Luca/ros2_py_tut/install/tutorial_interfaces/lib/libtutorial_interfaces__rosidl_typesupport_cpp.so
[10.200s] -- Set non-toolchain portion of runtime path of "/home/alexroy/Documents/DalMAST/ROS2-Luca/ros2_py_tut/install/tutorial_interfaces/lib/libtutorial_interfaces__rosidl_typesupport_cpp.so" to ""
[10.200s] -- Installing: /home/alexroy/Documents/DalMAST/ROS2-Luca/ros2_py_tut/install/tutorial_interfaces/share/tutorial_interfaces/environment/pythonpath.sh
[10.200s] -- Installing: /home/alexroy/Documents/DalMAST/ROS2-Luca/ros2_py_tut/install/tutorial_interfaces/share/tutorial_interfaces/environment/pythonpath.dsv
[10.200s] -- Installing: /home/alexroy/Documents/DalMAST/ROS2-Luca/ros2_py_tut/install/tutorial_interfaces/lib/python3.12/site-packages/tutorial_interfaces-0.0.0-py3.12.egg-info
[10.200s] -- Installing: /home/alexroy/Documents/DalMAST/ROS2-Luca/ros2_py_tut/install/tutorial_interfaces/lib/python3.12/site-packages/tutorial_interfaces-0.0.0-py3.12.egg-info/top_level.txt
[10.200s] -- Installing: /home/alexroy/Documents/DalMAST/ROS2-Luca/ros2_py_tut/install/tutorial_interfaces/lib/python3.12/site-packages/tutorial_interfaces-0.0.0-py3.12.egg-info/dependency_links.txt
[10.200s] -- Installing: /home/alexroy/Documents/DalMAST/ROS2-Luca/ros2_py_tut/install/tutorial_interfaces/lib/python3.12/site-packages/tutorial_interfaces-0.0.0-py3.12.egg-info/PKG-INFO
[10.200s] -- Installing: /home/alexroy/Documents/DalMAST/ROS2-Luca/ros2_py_tut/install/tutorial_interfaces/lib/python3.12/site-packages/tutorial_interfaces-0.0.0-py3.12.egg-info/SOURCES.txt
[10.201s] -- Installing: /home/alexroy/Documents/DalMAST/ROS2-Luca/ros2_py_tut/install/tutorial_interfaces/lib/python3.12/site-packages/tutorial_interfaces
[10.201s] -- Installing: /home/alexroy/Documents/DalMAST/ROS2-Luca/ros2_py_tut/install/tutorial_interfaces/lib/python3.12/site-packages/tutorial_interfaces/tutorial_interfaces_s__rosidl_typesupport_introspection_c.so
[10.201s] -- Installing: /home/alexroy/Documents/DalMAST/ROS2-Luca/ros2_py_tut/install/tutorial_interfaces/lib/python3.12/site-packages/tutorial_interfaces/msg
[10.201s] -- Installing: /home/alexroy/Documents/DalMAST/ROS2-Luca/ros2_py_tut/install/tutorial_interfaces/lib/python3.12/site-packages/tutorial_interfaces/msg/_controls.py
[10.201s] -- Installing: /home/alexroy/Documents/DalMAST/ROS2-Luca/ros2_py_tut/install/tutorial_interfaces/lib/python3.12/site-packages/tutorial_interfaces/msg/_navigation_s.c
[10.201s] -- Installing: /home/alexroy/Documents/DalMAST/ROS2-Luca/ros2_py_tut/install/tutorial_interfaces/lib/python3.12/site-packages/tutorial_interfaces/msg/_pcb.py
[10.201s] -- Installing: /home/alexroy/Documents/DalMAST/ROS2-Luca/ros2_py_tut/install/tutorial_interfaces/lib/python3.12/site-packages/tutorial_interfaces/msg/_navigation.py
[10.201s] -- Installing: /home/alexroy/Documents/DalMAST/ROS2-Luca/ros2_py_tut/install/tutorial_interfaces/lib/python3.12/site-packages/tutorial_interfaces/msg/_pcb_s.c
[10.202s] -- Installing: /home/alexroy/Documents/DalMAST/ROS2-Luca/ros2_py_tut/install/tutorial_interfaces/lib/python3.12/site-packages/tutorial_interfaces/msg/_controls_s.c
[10.202s] -- Installing: /home/alexroy/Documents/DalMAST/ROS2-Luca/ros2_py_tut/install/tutorial_interfaces/lib/python3.12/site-packages/tutorial_interfaces/msg/__init__.py
[10.202s] -- Installing: /home/alexroy/Documents/DalMAST/ROS2-Luca/ros2_py_tut/install/tutorial_interfaces/lib/python3.12/site-packages/tutorial_interfaces/_tutorial_interfaces_s.ep.rosidl_typesupport_c.c
[10.202s] -- Installing: /home/alexroy/Documents/DalMAST/ROS2-Luca/ros2_py_tut/install/tutorial_interfaces/lib/python3.12/site-packages/tutorial_interfaces/tutorial_interfaces_s__rosidl_typesupport_fastrtps_c.so
[10.202s] -- Installing: /home/alexroy/Documents/DalMAST/ROS2-Luca/ros2_py_tut/install/tutorial_interfaces/lib/python3.12/site-packages/tutorial_interfaces/_tutorial_interfaces_s.ep.rosidl_typesupport_introspection_c.c
[10.202s] -- Installing: /home/alexroy/Documents/DalMAST/ROS2-Luca/ros2_py_tut/install/tutorial_interfaces/lib/python3.12/site-packages/tutorial_interfaces/_tutorial_interfaces_s.ep.rosidl_typesupport_fastrtps_c.c
[10.202s] -- Installing: /home/alexroy/Documents/DalMAST/ROS2-Luca/ros2_py_tut/install/tutorial_interfaces/lib/python3.12/site-packages/tutorial_interfaces/tutorial_interfaces_s__rosidl_typesupport_c.so
[10.202s] -- Installing: /home/alexroy/Documents/DalMAST/ROS2-Luca/ros2_py_tut/install/tutorial_interfaces/lib/python3.12/site-packages/tutorial_interfaces/__init__.py
[10.244s] Listing '/home/alexroy/Documents/DalMAST/ROS2-Luca/ros2_py_tut/install/tutorial_interfaces/lib/python3.12/site-packages/tutorial_interfaces'...
[10.245s] Compiling '/home/alexroy/Documents/DalMAST/ROS2-Luca/ros2_py_tut/install/tutorial_interfaces/lib/python3.12/site-packages/tutorial_interfaces/__init__.py'...
[10.245s] Listing '/home/alexroy/Documents/DalMAST/ROS2-Luca/ros2_py_tut/install/tutorial_interfaces/lib/python3.12/site-packages/tutorial_interfaces/msg'...
[10.245s] Compiling '/home/alexroy/Documents/DalMAST/ROS2-Luca/ros2_py_tut/install/tutorial_interfaces/lib/python3.12/site-packages/tutorial_interfaces/msg/__init__.py'...
[10.245s] Compiling '/home/alexroy/Documents/DalMAST/ROS2-Luca/ros2_py_tut/install/tutorial_interfaces/lib/python3.12/site-packages/tutorial_interfaces/msg/_controls.py'...
[10.245s] Compiling '/home/alexroy/Documents/DalMAST/ROS2-Luca/ros2_py_tut/install/tutorial_interfaces/lib/python3.12/site-packages/tutorial_interfaces/msg/_navigation.py'...
[10.245s] Compiling '/home/alexroy/Documents/DalMAST/ROS2-Luca/ros2_py_tut/install/tutorial_interfaces/lib/python3.12/site-packages/tutorial_interfaces/msg/_pcb.py'...
[10.249s] -- Installing: /home/alexroy/Documents/DalMAST/ROS2-Luca/ros2_py_tut/install/tutorial_interfaces/lib/python3.12/site-packages/tutorial_interfaces/tutorial_interfaces_s__rosidl_typesupport_fastrtps_c.so
[10.249s] -- Set non-toolchain portion of runtime path of "/home/alexroy/Documents/DalMAST/ROS2-Luca/ros2_py_tut/install/tutorial_interfaces/lib/python3.12/site-packages/tutorial_interfaces/tutorial_interfaces_s__rosidl_typesupport_fastrtps_c.so" to ""
[10.250s] -- Installing: /home/alexroy/Documents/DalMAST/ROS2-Luca/ros2_py_tut/install/tutorial_interfaces/lib/python3.12/site-packages/tutorial_interfaces/tutorial_interfaces_s__rosidl_typesupport_introspection_c.so
[10.250s] -- Set non-toolchain portion of runtime path of "/home/alexroy/Documents/DalMAST/ROS2-Luca/ros2_py_tut/install/tutorial_interfaces/lib/python3.12/site-packages/tutorial_interfaces/tutorial_interfaces_s__rosidl_typesupport_introspection_c.so" to ""
[10.250s] -- Installing: /home/alexroy/Documents/DalMAST/ROS2-Luca/ros2_py_tut/install/tutorial_interfaces/lib/python3.12/site-packages/tutorial_interfaces/tutorial_interfaces_s__rosidl_typesupport_c.so
[10.251s] -- Set non-toolchain portion of runtime path of "/home/alexroy/Documents/DalMAST/ROS2-Luca/ros2_py_tut/install/tutorial_interfaces/lib/python3.12/site-packages/tutorial_interfaces/tutorial_interfaces_s__rosidl_typesupport_c.so" to ""
[10.254s] -- Installing: /home/alexroy/Documents/DalMAST/ROS2-Luca/ros2_py_tut/install/tutorial_interfaces/lib/libtutorial_interfaces__rosidl_generator_py.so
[10.254s] -- Set non-toolchain portion of runtime path of "/home/alexroy/Documents/DalMAST/ROS2-Luca/ros2_py_tut/install/tutorial_interfaces/lib/libtutorial_interfaces__rosidl_generator_py.so" to ""
[10.254s] -- Installing: /home/alexroy/Documents/DalMAST/ROS2-Luca/ros2_py_tut/install/tutorial_interfaces/share/tutorial_interfaces/msg/PCB.idl
[10.254s] -- Installing: /home/alexroy/Documents/DalMAST/ROS2-Luca/ros2_py_tut/install/tutorial_interfaces/share/tutorial_interfaces/msg/Controls.idl
[10.254s] -- Installing: /home/alexroy/Documents/DalMAST/ROS2-Luca/ros2_py_tut/install/tutorial_interfaces/share/tutorial_interfaces/msg/Navigation.idl
[10.254s] -- Installing: /home/alexroy/Documents/DalMAST/ROS2-Luca/ros2_py_tut/install/tutorial_interfaces/share/tutorial_interfaces/msg/PCB.msg
[10.254s] -- Installing: /home/alexroy/Documents/DalMAST/ROS2-Luca/ros2_py_tut/install/tutorial_interfaces/share/tutorial_interfaces/msg/Controls.msg
[10.254s] -- Installing: /home/alexroy/Documents/DalMAST/ROS2-Luca/ros2_py_tut/install/tutorial_interfaces/share/tutorial_interfaces/msg/Navigation.msg
[10.254s] -- Installing: /home/alexroy/Documents/DalMAST/ROS2-Luca/ros2_py_tut/install/tutorial_interfaces/share/ament_index/resource_index/package_run_dependencies/tutorial_interfaces
[10.254s] -- Installing: /home/alexroy/Documents/DalMAST/ROS2-Luca/ros2_py_tut/install/tutorial_interfaces/share/ament_index/resource_index/parent_prefix_path/tutorial_interfaces
[10.255s] -- Installing: /home/alexroy/Documents/DalMAST/ROS2-Luca/ros2_py_tut/install/tutorial_interfaces/share/tutorial_interfaces/environment/ament_prefix_path.sh
[10.255s] -- Installing: /home/alexroy/Documents/DalMAST/ROS2-Luca/ros2_py_tut/install/tutorial_interfaces/share/tutorial_interfaces/environment/ament_prefix_path.dsv
[10.255s] -- Installing: /home/alexroy/Documents/DalMAST/ROS2-Luca/ros2_py_tut/install/tutorial_interfaces/share/tutorial_interfaces/environment/path.sh
[10.255s] -- Installing: /home/alexroy/Documents/DalMAST/ROS2-Luca/ros2_py_tut/install/tutorial_interfaces/share/tutorial_interfaces/environment/path.dsv
[10.255s] -- Installing: /home/alexroy/Documents/DalMAST/ROS2-Luca/ros2_py_tut/install/tutorial_interfaces/share/tutorial_interfaces/local_setup.bash
[10.256s] -- Installing: /home/alexroy/Documents/DalMAST/ROS2-Luca/ros2_py_tut/install/tutorial_interfaces/share/tutorial_interfaces/local_setup.sh
[10.256s] -- Installing: /home/alexroy/Documents/DalMAST/ROS2-Luca/ros2_py_tut/install/tutorial_interfaces/share/tutorial_interfaces/local_setup.zsh
[10.256s] -- Installing: /home/alexroy/Documents/DalMAST/ROS2-Luca/ros2_py_tut/install/tutorial_interfaces/share/tutorial_interfaces/local_setup.dsv
[10.256s] -- Installing: /home/alexroy/Documents/DalMAST/ROS2-Luca/ros2_py_tut/install/tutorial_interfaces/share/tutorial_interfaces/package.dsv
[10.256s] -- Installing: /home/alexroy/Documents/DalMAST/ROS2-Luca/ros2_py_tut/install/tutorial_interfaces/share/ament_index/resource_index/packages/tutorial_interfaces
[10.256s] -- Installing: /home/alexroy/Documents/DalMAST/ROS2-Luca/ros2_py_tut/install/tutorial_interfaces/share/tutorial_interfaces/cmake/export_tutorial_interfaces__rosidl_generator_cExport.cmake
[10.257s] -- Installing: /home/alexroy/Documents/DalMAST/ROS2-Luca/ros2_py_tut/install/tutorial_interfaces/share/tutorial_interfaces/cmake/export_tutorial_interfaces__rosidl_generator_cExport-noconfig.cmake
[10.257s] -- Installing: /home/alexroy/Documents/DalMAST/ROS2-Luca/ros2_py_tut/install/tutorial_interfaces/share/tutorial_interfaces/cmake/export_tutorial_interfaces__rosidl_typesupport_fastrtps_cExport.cmake
[10.257s] -- Installing: /home/alexroy/Documents/DalMAST/ROS2-Luca/ros2_py_tut/install/tutorial_interfaces/share/tutorial_interfaces/cmake/export_tutorial_interfaces__rosidl_typesupport_fastrtps_cExport-noconfig.cmake
[10.257s] -- Installing: /home/alexroy/Documents/DalMAST/ROS2-Luca/ros2_py_tut/install/tutorial_interfaces/share/tutorial_interfaces/cmake/tutorial_interfaces__rosidl_typesupport_introspection_cExport.cmake
[10.257s] -- Installing: /home/alexroy/Documents/DalMAST/ROS2-Luca/ros2_py_tut/install/tutorial_interfaces/share/tutorial_interfaces/cmake/tutorial_interfaces__rosidl_typesupport_introspection_cExport-noconfig.cmake
[10.257s] -- Installing: /home/alexroy/Documents/DalMAST/ROS2-Luca/ros2_py_tut/install/tutorial_interfaces/share/tutorial_interfaces/cmake/tutorial_interfaces__rosidl_typesupport_cExport.cmake
[10.257s] -- Installing: /home/alexroy/Documents/DalMAST/ROS2-Luca/ros2_py_tut/install/tutorial_interfaces/share/tutorial_interfaces/cmake/tutorial_interfaces__rosidl_typesupport_cExport-noconfig.cmake
[10.257s] -- Installing: /home/alexroy/Documents/DalMAST/ROS2-Luca/ros2_py_tut/install/tutorial_interfaces/share/tutorial_interfaces/cmake/export_tutorial_interfaces__rosidl_generator_cppExport.cmake
[10.257s] -- Installing: /home/alexroy/Documents/DalMAST/ROS2-Luca/ros2_py_tut/install/tutorial_interfaces/share/tutorial_interfaces/cmake/export_tutorial_interfaces__rosidl_typesupport_fastrtps_cppExport.cmake
[10.257s] -- Installing: /home/alexroy/Documents/DalMAST/ROS2-Luca/ros2_py_tut/install/tutorial_interfaces/share/tutorial_interfaces/cmake/export_tutorial_interfaces__rosidl_typesupport_fastrtps_cppExport-noconfig.cmake
[10.257s] -- Installing: /home/alexroy/Documents/DalMAST/ROS2-Luca/ros2_py_tut/install/tutorial_interfaces/share/tutorial_interfaces/cmake/tutorial_interfaces__rosidl_typesupport_introspection_cppExport.cmake
[10.257s] -- Installing: /home/alexroy/Documents/DalMAST/ROS2-Luca/ros2_py_tut/install/tutorial_interfaces/share/tutorial_interfaces/cmake/tutorial_interfaces__rosidl_typesupport_introspection_cppExport-noconfig.cmake
[10.257s] -- Installing: /home/alexroy/Documents/DalMAST/ROS2-Luca/ros2_py_tut/install/tutorial_interfaces/share/tutorial_interfaces/cmake/tutorial_interfaces__rosidl_typesupport_cppExport.cmake
[10.257s] -- Installing: /home/alexroy/Documents/DalMAST/ROS2-Luca/ros2_py_tut/install/tutorial_interfaces/share/tutorial_interfaces/cmake/tutorial_interfaces__rosidl_typesupport_cppExport-noconfig.cmake
[10.258s] -- Installing: /home/alexroy/Documents/DalMAST/ROS2-Luca/ros2_py_tut/install/tutorial_interfaces/share/tutorial_interfaces/cmake/export_tutorial_interfaces__rosidl_generator_pyExport.cmake
[10.258s] -- Installing: /home/alexroy/Documents/DalMAST/ROS2-Luca/ros2_py_tut/install/tutorial_interfaces/share/tutorial_interfaces/cmake/export_tutorial_interfaces__rosidl_generator_pyExport-noconfig.cmake
[10.258s] -- Installing: /home/alexroy/Documents/DalMAST/ROS2-Luca/ros2_py_tut/install/tutorial_interfaces/share/tutorial_interfaces/cmake/rosidl_cmake-extras.cmake
[10.258s] -- Installing: /home/alexroy/Documents/DalMAST/ROS2-Luca/ros2_py_tut/install/tutorial_interfaces/share/tutorial_interfaces/cmake/ament_cmake_export_include_directories-extras.cmake
[10.258s] -- Installing: /home/alexroy/Documents/DalMAST/ROS2-Luca/ros2_py_tut/install/tutorial_interfaces/share/tutorial_interfaces/cmake/ament_cmake_export_libraries-extras.cmake
[10.258s] -- Installing: /home/alexroy/Documents/DalMAST/ROS2-Luca/ros2_py_tut/install/tutorial_interfaces/share/tutorial_interfaces/cmake/ament_cmake_export_targets-extras.cmake
[10.258s] -- Installing: /home/alexroy/Documents/DalMAST/ROS2-Luca/ros2_py_tut/install/tutorial_interfaces/share/tutorial_interfaces/cmake/rosidl_cmake_export_typesupport_targets-extras.cmake
[10.258s] -- Installing: /home/alexroy/Documents/DalMAST/ROS2-Luca/ros2_py_tut/install/tutorial_interfaces/share/tutorial_interfaces/cmake/ament_cmake_export_dependencies-extras.cmake
[10.258s] -- Installing: /home/alexroy/Documents/DalMAST/ROS2-Luca/ros2_py_tut/install/tutorial_interfaces/share/tutorial_interfaces/cmake/rosidl_cmake_export_typesupport_libraries-extras.cmake
[10.258s] -- Installing: /home/alexroy/Documents/DalMAST/ROS2-Luca/ros2_py_tut/install/tutorial_interfaces/share/tutorial_interfaces/cmake/tutorial_interfacesConfig.cmake
[10.258s] -- Installing: /home/alexroy/Documents/DalMAST/ROS2-Luca/ros2_py_tut/install/tutorial_interfaces/share/tutorial_interfaces/cmake/tutorial_interfacesConfig-version.cmake
[10.258s] -- Installing: /home/alexroy/Documents/DalMAST/ROS2-Luca/ros2_py_tut/install/tutorial_interfaces/share/tutorial_interfaces/package.xml
[10.261s] Invoked command in '/home/alexroy/Documents/DalMAST/ROS2-Luca/ros2_py_tut/build/tutorial_interfaces' returned '0': CMAKE_PREFIX_PATH=${CMAKE_PREFIX_PATH}:/opt/ros/jazzy DEBUGINFOD_URLS=https://debuginfod.ubuntu.com /usr/bin/cmake --install /home/alexroy/Documents/DalMAST/ROS2-Luca/ros2_py_tut/build/tutorial_interfaces
