/home/alexroy/Documents/DAL_MAST/install/py_tut/lib/python3.12/site-packages/py_tut/PCBComm.py
/home/alexroy/Documents/DAL_MAST/install/py_tut/lib/python3.12/site-packages/py_tut/navigation.py
/home/alexroy/Documents/DAL_MAST/install/py_tut/lib/python3.12/site-packages/py_tut/boatClasses.py
/home/alexroy/Documents/DAL_MAST/install/py_tut/lib/python3.12/site-packages/py_tut/controls.py
/home/alexroy/Documents/DAL_MAST/install/py_tut/lib/python3.12/site-packages/py_tut/publisher_member_function.py
/home/alexroy/Documents/DAL_MAST/install/py_tut/lib/python3.12/site-packages/py_tut/waypointControl.py
/home/alexroy/Documents/DAL_MAST/install/py_tut/lib/python3.12/site-packages/py_tut/__init__.py
/home/alexroy/Documents/DAL_MAST/install/py_tut/lib/python3.12/site-packages/py_tut/subscriber_member_function.py
/home/alexroy/Documents/DAL_MAST/install/py_tut/lib/python3.12/site-packages/py_tut/__pycache__/PCBComm.cpython-312.pyc
/home/alexroy/Documents/DAL_MAST/install/py_tut/lib/python3.12/site-packages/py_tut/__pycache__/navigation.cpython-312.pyc
/home/alexroy/Documents/DAL_MAST/install/py_tut/lib/python3.12/site-packages/py_tut/__pycache__/boatClasses.cpython-312.pyc
/home/alexroy/Documents/DAL_MAST/install/py_tut/lib/python3.12/site-packages/py_tut/__pycache__/controls.cpython-312.pyc
/home/alexroy/Documents/DAL_MAST/install/py_tut/lib/python3.12/site-packages/py_tut/__pycache__/publisher_member_function.cpython-312.pyc
/home/alexroy/Documents/DAL_MAST/install/py_tut/lib/python3.12/site-packages/py_tut/__pycache__/waypointControl.cpython-312.pyc
/home/alexroy/Documents/DAL_MAST/install/py_tut/lib/python3.12/site-packages/py_tut/__pycache__/__init__.cpython-312.pyc
/home/alexroy/Documents/DAL_MAST/install/py_tut/lib/python3.12/site-packages/py_tut/__pycache__/subscriber_member_function.cpython-312.pyc
/home/alexroy/Documents/DAL_MAST/install/py_tut/share/ament_index/resource_index/packages/py_tut
/home/alexroy/Documents/DAL_MAST/install/py_tut/share/py_tut/package.xml
/home/alexroy/Documents/DAL_MAST/install/py_tut/share/py_tut/launch
/home/alexroy/Documents/DAL_MAST/install/py_tut/lib/python3.12/site-packages/py_tut-0.0.0-py3.12.egg-info/requires.txt
/home/alexroy/Documents/DAL_MAST/install/py_tut/lib/python3.12/site-packages/py_tut-0.0.0-py3.12.egg-info/top_level.txt
/home/alexroy/Documents/DAL_MAST/install/py_tut/lib/python3.12/site-packages/py_tut-0.0.0-py3.12.egg-info/zip-safe
/home/alexroy/Documents/DAL_MAST/install/py_tut/lib/python3.12/site-packages/py_tut-0.0.0-py3.12.egg-info/dependency_links.txt
/home/alexroy/Documents/DAL_MAST/install/py_tut/lib/python3.12/site-packages/py_tut-0.0.0-py3.12.egg-info/entry_points.txt
/home/alexroy/Documents/DAL_MAST/install/py_tut/lib/python3.12/site-packages/py_tut-0.0.0-py3.12.egg-info/PKG-INFO
/home/alexroy/Documents/DAL_MAST/install/py_tut/lib/python3.12/site-packages/py_tut-0.0.0-py3.12.egg-info/SOURCES.txt
/home/alexroy/Documents/DAL_MAST/install/py_tut/lib/py_tut/boat
/home/alexroy/Documents/DAL_MAST/install/py_tut/lib/py_tut/comm
/home/alexroy/Documents/DAL_MAST/install/py_tut/lib/py_tut/ctrl
/home/alexroy/Documents/DAL_MAST/install/py_tut/lib/py_tut/navi
/home/alexroy/Documents/DAL_MAST/install/py_tut/lib/py_tut/wayp
